24:52  === Check cycle started ===
24:52  Checking Google...
24:52  No changes.
24:52  Checking YouTube...
24:52  No changes.
24:52  Checking Meta...
24:53  No changes.
24:53  Checking Apple...
24:53  No changes.
24:53  Checking Capital One...
24:53  robots.txt disallows https://www.capitalonecareers.com/search-jobs/design%20intern — skipping this URL.
24:53  robots.txt disallows https://www.capitalonecareers.com/search-jobs/product%20design — skipping this URL.
24:53  Capital One: scrape failed — postings left untouched.
24:53  Checking JPMorgan Chase...
24:53  No changes.
24:53  Checking Roblox...
24:53  Retry 1/2 for Roblox in 2s...
24:53  Retry 2/2 for Roblox in 4s...
24:53  ERROR: Roblox: failed to scrape https://careers.roblox.com/jobs?search=product+design (page.goto: net::ERR_HTTP2_PROTOCOL_ERROR at https://careers.roblox.com/jobs?search=product+design
Call log:
  - navigating to "https://careers.roblox.com/jobs?search=product+design", waiting until "domcontentloaded"
)
24:53  Retry 1/2 for Roblox in 2s...
24:53  Retry 2/2 for Roblox in 4s...
24:53  ERROR: Roblox: failed to scrape https://careers.roblox.com/jobs?search=UX+intern (page.goto: net::ERR_HTTP2_PROTOCOL_ERROR at https://careers.roblox.com/jobs?search=UX+intern
Call log:
  - navigating to "https://careers.roblox.com/jobs?search=UX+intern", waiting until "domcontentloaded"
)
24:53  Roblox: scrape failed — postings left untouched.
24:53  Checking Microsoft...
24:53  robots.txt unavailable for https://gcsservices.careers.microsoft.com; proceeding politely.
24:53  Retry 1/2 for Microsoft in 2s...
24:53  Retry 2/2 for Microsoft in 4s...
24:53  ERROR: Microsoft: failed to scrape https://gcsservices.careers.microsoft.com/search/api/v1/search?q=product%20design%20intern&l=en_us&pg=1&pgSz=20 (page.goto: net::ERR_CERT_COMMON_NAME_INVALID at https://gcsservices.careers.microsoft.com/search/api/v1/search?q=product%20design%20intern&l=en_us&pg=1&pgSz=20
Call log:
  - navigating to "https://gcsservices.careers.microsoft.com/search/api/v1/search?q=product%20design%20intern&l=en_us&pg=1&pgSz=20", waiting until "domcontentloaded"
)
24:53  Retry 1/2 for Microsoft in 2s...
24:54  Retry 2/2 for Microsoft in 5s...
24:54  ERROR: Microsoft: failed to scrape https://gcsservices.careers.microsoft.com/search/api/v1/search?q=UX%20design%20intern&l=en_us&pg=1&pgSz=20 (page.goto: net::ERR_CERT_COMMON_NAME_INVALID at https://gcsservices.careers.microsoft.com/search/api/v1/search?q=UX%20design%20intern&l=en_us&pg=1&pgSz=20
Call log:
  - navigating to "https://gcsservices.careers.microsoft.com/search/api/v1/search?q=UX%20design%20intern&l=en_us&pg=1&pgSz=20", waiting until "domcontentloaded"
)
24:54  Microsoft: scrape failed — postings left untouched.
24:54  Checking Amazon...
24:54  No changes.
24:54  Checking IBM...
24:55  No changes.
24:55  Checking Adobe...
24:55  No changes.
24:55  Checking American Express...
24:56  No changes.
24:56  Checking Mastercard...
24:56  No changes.
24:56  Checking Visa...
24:56  No changes.
24:56  Checking Nike...
24:56  No changes.
24:56  Widget feed updated.
24:56  === Check cycle finished (0 notification(s)) ===
03:26  === Check cycle started ===
03:26  Checking Google...
03:26  No changes.
03:26  Checking YouTube...
03:26  No changes.
03:26  Checking Meta...
03:27  No changes.
03:27  Checking Apple...
03:27  No changes.
03:27  Checking Capital One...
03:27  robots.txt disallows https://www.capitalonecareers.com/search-jobs/design%20intern — skipping this URL.
03:27  robots.txt disallows https://www.capitalonecareers.com/search-jobs/product%20design — skipping this URL.
03:27  Capital One: scrape failed — postings left untouched.
03:27  Checking JPMorgan Chase...
03:27  No changes.
03:27  Checking Roblox...
03:27  Retry 1/2 for Roblox in 2s...
03:27  Retry 2/2 for Roblox in 5s...
03:27  ERROR: Roblox: failed to scrape https://careers.roblox.com/jobs?search=product+design (page.goto: net::ERR_HTTP2_PROTOCOL_ERROR at https://careers.roblox.com/jobs?search=product+design
Call log:
  - navigating to "https://careers.roblox.com/jobs?search=product+design", waiting until "domcontentloaded"
)
03:27  Retry 1/2 for Roblox in 2s...
03:27  Retry 2/2 for Roblox in 5s...
03:27  ERROR: Roblox: failed to scrape https://careers.roblox.com/jobs?search=UX+intern (page.goto: net::ERR_HTTP2_PROTOCOL_ERROR at https://careers.roblox.com/jobs?search=UX+intern
Call log:
  - navigating to "https://careers.roblox.com/jobs?search=UX+intern", waiting until "domcontentloaded"
)
03:27  Roblox: scrape failed — postings left untouched.
03:27  Checking Microsoft...
03:27  robots.txt unavailable for https://gcsservices.careers.microsoft.com; proceeding politely.
03:27  Retry 1/2 for Microsoft in 2s...
03:27  Retry 2/2 for Microsoft in 5s...
03:27  ERROR: Microsoft: failed to scrape https://gcsservices.careers.microsoft.com/search/api/v1/search?q=product%20design%20intern&l=en_us&pg=1&pgSz=20 (page.goto: net::ERR_CERT_COMMON_NAME_INVALID at https://gcsservices.careers.microsoft.com/search/api/v1/search?q=product%20design%20intern&l=en_us&pg=1&pgSz=20
Call log:
  - navigating to "https://gcsservices.careers.microsoft.com/search/api/v1/search?q=product%20design%20intern&l=en_us&pg=1&pgSz=20", waiting until "domcontentloaded"
)
03:27  Retry 1/2 for Microsoft in 2s...
03:28  Retry 2/2 for Microsoft in 5s...
03:28  ERROR: Microsoft: failed to scrape https://gcsservices.careers.microsoft.com/search/api/v1/search?q=UX%20design%20intern&l=en_us&pg=1&pgSz=20 (page.goto: net::ERR_CERT_COMMON_NAME_INVALID at https://gcsservices.careers.microsoft.com/search/api/v1/search?q=UX%20design%20intern&l=en_us&pg=1&pgSz=20
Call log:
  - navigating to "https://gcsservices.careers.microsoft.com/search/api/v1/search?q=UX%20design%20intern&l=en_us&pg=1&pgSz=20", waiting until "domcontentloaded"
)
03:28  Microsoft: scrape failed — postings left untouched.
03:28  Checking Amazon...
03:28  No changes.
03:28  Checking IBM...
03:29  No changes.
03:29  Checking Adobe...
03:29  No changes.
03:29  Checking American Express...
03:30  No changes.
03:30  Checking Mastercard...
03:30  No changes.
03:30  Checking Visa...
03:30  No changes.
03:30  Checking Nike...
03:30  No changes.
03:30  Widget feed updated.
03:30  === Check cycle finished (0 notification(s)) ===
06:08  === Check cycle started ===
06:08  Checking Google...
06:08  No changes.
06:08  Checking YouTube...
06:08  No changes.
06:08  Checking Meta...
06:09  No changes.
06:09  Checking Apple...
06:09  No changes.
06:09  Checking Capital One...
06:09  robots.txt disallows https://www.capitalonecareers.com/search-jobs/design%20intern — skipping this URL.
06:09  robots.txt disallows https://www.capitalonecareers.com/search-jobs/product%20design — skipping this URL.
06:09  Capital One: scrape failed — postings left untouched.
06:09  Checking JPMorgan Chase...
06:09  No changes.
06:09  Checking Roblox...
06:09  Retry 1/2 for Roblox in 2s...
06:09  Retry 2/2 for Roblox in 4s...
06:09  ERROR: Roblox: failed to scrape https://careers.roblox.com/jobs?search=product+design (page.goto: net::ERR_HTTP2_PROTOCOL_ERROR at https://careers.roblox.com/jobs?search=product+design
Call log:
  - navigating to "https://careers.roblox.com/jobs?search=product+design", waiting until "domcontentloaded"
)
06:09  Retry 1/2 for Roblox in 2s...
06:09  Retry 2/2 for Roblox in 4s...
06:09  ERROR: Roblox: failed to scrape https://careers.roblox.com/jobs?search=UX+intern (page.goto: net::ERR_HTTP2_PROTOCOL_ERROR at https://careers.roblox.com/jobs?search=UX+intern
Call log:
  - navigating to "https://careers.roblox.com/jobs?search=UX+intern", waiting until "domcontentloaded"
)
06:09  Roblox: scrape failed — postings left untouched.
06:09  Checking Microsoft...
06:09  robots.txt unavailable for https://gcsservices.careers.microsoft.com; proceeding politely.
06:09  Retry 1/2 for Microsoft in 2s...
06:09  Retry 2/2 for Microsoft in 4s...
06:10  ERROR: Microsoft: failed to scrape https://gcsservices.careers.microsoft.com/search/api/v1/search?q=product%20design%20intern&l=en_us&pg=1&pgSz=20 (page.goto: net::ERR_CERT_COMMON_NAME_INVALID at https://gcsservices.careers.microsoft.com/search/api/v1/search?q=product%20design%20intern&l=en_us&pg=1&pgSz=20
Call log:
  - navigating to "https://gcsservices.careers.microsoft.com/search/api/v1/search?q=product%20design%20intern&l=en_us&pg=1&pgSz=20", waiting until "domcontentloaded"
)
06:10  Retry 1/2 for Microsoft in 3s...
06:10  Retry 2/2 for Microsoft in 4s...
06:10  ERROR: Microsoft: failed to scrape https://gcsservices.careers.microsoft.com/search/api/v1/search?q=UX%20design%20intern&l=en_us&pg=1&pgSz=20 (page.goto: net::ERR_CERT_COMMON_NAME_INVALID at https://gcsservices.careers.microsoft.com/search/api/v1/search?q=UX%20design%20intern&l=en_us&pg=1&pgSz=20
Call log:
  - navigating to "https://gcsservices.careers.microsoft.com/search/api/v1/search?q=UX%20design%20intern&l=en_us&pg=1&pgSz=20", waiting until "domcontentloaded"
)
06:10  Microsoft: scrape failed — postings left untouched.
06:10  Checking Amazon...
06:10  No changes.
06:10  Checking IBM...
06:11  No changes.
06:11  Checking Adobe...
06:11  No changes.
06:11  Checking American Express...
06:12  No changes.
06:12  Checking Mastercard...
06:12  No changes.
06:12  Checking Visa...
06:12  No changes.
06:12  Checking Nike...
06:12  No changes.
06:12  Widget feed updated.
06:12  === Check cycle finished (0 notification(s)) ===
08:51  === Check cycle started ===
08:51  Checking Google...
08:51  No changes.
08:51  Checking YouTube...
08:51  No changes.
08:51  Checking Meta...
08:51  No changes.
08:51  Checking Apple...
08:52  No changes.
08:52  Checking Capital One...
08:52  robots.txt disallows https://www.capitalonecareers.com/search-jobs/design%20intern — skipping this URL.
08:52  robots.txt disallows https://www.capitalonecareers.com/search-jobs/product%20design — skipping this URL.
08:52  Capital One: scrape failed — postings left untouched.
08:52  Checking JPMorgan Chase...
08:52  No changes.
08:52  Checking Roblox...
08:52  Retry 1/2 for Roblox in 2s...
08:52  Retry 2/2 for Roblox in 5s...
08:52  ERROR: Roblox: failed to scrape https://careers.roblox.com/jobs?search=product+design (page.goto: net::ERR_HTTP2_PROTOCOL_ERROR at https://careers.roblox.com/jobs?search=product+design
Call log:
  - navigating to "https://careers.roblox.com/jobs?search=product+design", waiting until "domcontentloaded"
)
08:52  Retry 1/2 for Roblox in 3s...
08:52  Retry 2/2 for Roblox in 4s...
08:52  ERROR: Roblox: failed to scrape https://careers.roblox.com/jobs?search=UX+intern (page.goto: net::ERR_HTTP2_PROTOCOL_ERROR at https://careers.roblox.com/jobs?search=UX+intern
Call log:
  - navigating to "https://careers.roblox.com/jobs?search=UX+intern", waiting until "domcontentloaded"
)
08:52  Roblox: scrape failed — postings left untouched.
08:52  Checking Microsoft...
08:52  robots.txt unavailable for https://gcsservices.careers.microsoft.com; proceeding politely.
08:52  Retry 1/2 for Microsoft in 2s...
08:52  Retry 2/2 for Microsoft in 5s...
08:52  ERROR: Microsoft: failed to scrape https://gcsservices.careers.microsoft.com/search/api/v1/search?q=product%20design%20intern&l=en_us&pg=1&pgSz=20 (page.goto: net::ERR_CERT_COMMON_NAME_INVALID at https://gcsservices.careers.microsoft.com/search/api/v1/search?q=product%20design%20intern&l=en_us&pg=1&pgSz=20
Call log:
  - navigating to "https://gcsservices.careers.microsoft.com/search/api/v1/search?q=product%20design%20intern&l=en_us&pg=1&pgSz=20", waiting until "domcontentloaded"
)
08:52  Retry 1/2 for Microsoft in 2s...
08:52  Retry 2/2 for Microsoft in 5s...
08:52  ERROR: Microsoft: failed to scrape https://gcsservices.careers.microsoft.com/search/api/v1/search?q=UX%20design%20intern&l=en_us&pg=1&pgSz=20 (page.goto: net::ERR_CERT_COMMON_NAME_INVALID at https://gcsservices.careers.microsoft.com/search/api/v1/search?q=UX%20design%20intern&l=en_us&pg=1&pgSz=20
Call log:
  - navigating to "https://gcsservices.careers.microsoft.com/search/api/v1/search?q=UX%20design%20intern&l=en_us&pg=1&pgSz=20", waiting until "domcontentloaded"
)
08:52  Microsoft: scrape failed — postings left untouched.
08:52  Checking Amazon...
08:52  No changes.
08:52  Checking IBM...
08:53  No changes.
08:53  Checking Adobe...
08:54  No changes.
08:54  Checking American Express...
08:54  No changes.
08:54  Checking Mastercard...
08:55  No changes.
08:55  Checking Visa...
08:55  No changes.
08:55  Checking Nike...
08:55  No changes.
08:55  Widget feed updated.
08:55  === Check cycle finished (0 notification(s)) ===
11:26  === Check cycle started ===
11:26  Checking Google...
11:26  No changes.
11:26  Checking YouTube...
11:26  No changes.
11:26  Checking Meta...
11:26  No changes.
11:26  Checking Apple...
11:27  No changes.
11:27  Checking Capital One...
11:27  robots.txt disallows https://www.capitalonecareers.com/search-jobs/design%20intern — skipping this URL.
11:27  robots.txt disallows https://www.capitalonecareers.com/search-jobs/product%20design — skipping this URL.
11:27  Capital One: scrape failed — postings left untouched.
11:27  Checking JPMorgan Chase...
11:27  No changes.
11:27  Checking Roblox...
11:27  Retry 1/2 for Roblox in 2s...
11:27  Retry 2/2 for Roblox in 5s...
11:27  ERROR: Roblox: failed to scrape https://careers.roblox.com/jobs?search=product+design (page.goto: net::ERR_HTTP2_PROTOCOL_ERROR at https://careers.roblox.com/jobs?search=product+design
Call log:
  - navigating to "https://careers.roblox.com/jobs?search=product+design", waiting until "domcontentloaded"
)
11:27  Retry 1/2 for Roblox in 2s...
11:27  Retry 2/2 for Roblox in 5s...
11:27  ERROR: Roblox: failed to scrape https://careers.roblox.com/jobs?search=UX+intern (page.goto: net::ERR_HTTP2_PROTOCOL_ERROR at https://careers.roblox.com/jobs?search=UX+intern
Call log:
  - navigating to "https://careers.roblox.com/jobs?search=UX+intern", waiting until "domcontentloaded"
)
11:27  Roblox: scrape failed — postings left untouched.
11:27  Checking Microsoft...
11:27  robots.txt unavailable for https://gcsservices.careers.microsoft.com; proceeding politely.
11:27  Retry 1/2 for Microsoft in 2s...
11:27  Retry 2/2 for Microsoft in 4s...
11:27  ERROR: Microsoft: failed to scrape https://gcsservices.careers.microsoft.com/search/api/v1/search?q=product%20design%20intern&l=en_us&pg=1&pgSz=20 (page.goto: net::ERR_CERT_COMMON_NAME_INVALID at https://gcsservices.careers.microsoft.com/search/api/v1/search?q=product%20design%20intern&l=en_us&pg=1&pgSz=20
Call log:
  - navigating to "https://gcsservices.careers.microsoft.com/search/api/v1/search?q=product%20design%20intern&l=en_us&pg=1&pgSz=20", waiting until "domcontentloaded"
)
11:27  Retry 1/2 for Microsoft in 2s...
11:27  Retry 2/2 for Microsoft in 4s...
11:27  ERROR: Microsoft: failed to scrape https://gcsservices.careers.microsoft.com/search/api/v1/search?q=UX%20design%20intern&l=en_us&pg=1&pgSz=20 (page.goto: net::ERR_CERT_COMMON_NAME_INVALID at https://gcsservices.careers.microsoft.com/search/api/v1/search?q=UX%20design%20intern&l=en_us&pg=1&pgSz=20
Call log:
  - navigating to "https://gcsservices.careers.microsoft.com/search/api/v1/search?q=UX%20design%20intern&l=en_us&pg=1&pgSz=20", waiting until "domcontentloaded"
)
11:27  Microsoft: scrape failed — postings left untouched.
11:27  Checking Amazon...
11:27  No changes.
11:27  Checking IBM...
11:28  No changes.
11:28  Checking Adobe...
11:29  No changes.
11:29  Checking American Express...
11:29  No changes.
11:29  Checking Mastercard...
11:30  No changes.
11:30  Checking Visa...
11:30  No changes.
11:30  Checking Nike...
11:30  No changes.
11:30  Widget feed updated.
11:30  === Check cycle finished (0 notification(s)) ===
