09:43  === Check cycle started ===
09:43  Checking Google...
09:44  No changes.
09:44  Checking YouTube...
09:44  No changes.
09:44  Checking Meta...
09:44  No changes.
09:44  Checking Apple...
09:44  New Internship Found. (Apple — Mac Product Design Intern)
09:44  SMS DRY-RUN (no Twilio credentials) — message would be:
09:44    | Product Design Internship Open!!!!
09:44    | Company:
09:44    | Apple
09:44    | Title:
09:44    | Mac Product Design Intern
09:44    | Location:
09:44    | LocationShanghai
09:44    | Apply:
09:44    | https://jobs.apple.com/en-us/details/200670275-3715/mac-product-design-intern
09:44    | First Seen:
09:44    | July 21, 2026
09:44  Discord DRY-RUN (no webhook configured).
09:44  New Internship Found. (Apple — Mac Product Design Intern)
09:44  SMS DRY-RUN (no Twilio credentials) — message would be:
09:44    | Product Design Internship Open!!!!
09:44    | Company:
09:44    | Apple
09:44    | Title:
09:44    | Mac Product Design Intern
09:44    | Location:
09:44    | LocationShanghai
09:44    | Apply:
09:44    | https://jobs.apple.com/en-us/details/200660092-3715/mac-product-design-intern
09:44    | First Seen:
09:44    | July 21, 2026
09:44  Discord DRY-RUN (no webhook configured).
09:44  New Internship Found. (Apple — Audio Product Design Intern)
09:44  SMS DRY-RUN (no Twilio credentials) — message would be:
09:44    | Product Design Internship Open!!!!
09:44    | Company:
09:44    | Apple
09:44    | Title:
09:44    | Audio Product Design Intern
09:44    | Location:
09:44    | LocationShanghai
09:44    | Apply:
09:44    | https://jobs.apple.com/en-us/details/200669923-3715/audio-product-design-intern
09:44    | First Seen:
09:44    | July 21, 2026
09:44  Discord DRY-RUN (no webhook configured).
09:44  New Internship Found. (Apple — Input Device Product Design Intern)
09:44  SMS DRY-RUN (no Twilio credentials) — message would be:
09:44    | Product Design Internship Open!!!!
09:44    | Company:
09:44    | Apple
09:44    | Title:
09:44    | Input Device Product Design Intern
09:44    | Location:
09:44    | LocationShenzhen
09:44    | Apply:
09:44    | https://jobs.apple.com/en-us/details/200663491-3435/input-device-product-design-intern
09:44    | First Seen:
09:44    | July 21, 2026
09:44  Discord DRY-RUN (no webhook configured).
09:44  New Internship Found. (Apple — Input Device Product Design Intern)
09:44  SMS DRY-RUN (no Twilio credentials) — message would be:
09:44    | Product Design Internship Open!!!!
09:44    | Company:
09:44    | Apple
09:44    | Title:
09:44    | Input Device Product Design Intern
09:44    | Location:
09:44    | LocationShanghai
09:44    | Apply:
09:44    | https://jobs.apple.com/en-us/details/200663491-3715/input-device-product-design-intern
09:44    | First Seen:
09:44    | July 21, 2026
09:44  Discord DRY-RUN (no webhook configured).
09:44  New Internship Found. (Apple — Product Design Masters Engineering Internships)
09:44  SMS DRY-RUN (no Twilio credentials) — message would be:
09:44    | Product Design Internship Open!!!!
09:44    | Company:
09:44    | Apple
09:44    | Title:
09:44    | Product Design Masters Engineering Internships
09:44    | Location:
09:44    | LocationVarious Locations within United States
09:44    | Apply:
09:44    | https://jobs.apple.com/en-us/details/200663996-3810/product-design-masters-engineering-internships
09:44    | First Seen:
09:44    | July 21, 2026
09:44  Discord DRY-RUN (no webhook configured).
09:44  New Internship Found. (Apple — Product Design Undergrad Internships)
09:44  SMS DRY-RUN (no Twilio credentials) — message would be:
09:44    | Product Design Internship Open!!!!
09:44    | Company:
09:44    | Apple
09:44    | Title:
09:44    | Product Design Undergrad Internships
09:44    | Location:
09:44    | LocationVarious Locations within United States
09:44    | Apply:
09:44    | https://jobs.apple.com/en-us/details/200664000-3810/product-design-undergrad-internships
09:44    | First Seen:
09:44    | July 21, 2026
09:44  Discord DRY-RUN (no webhook configured).
09:44  Checking Capital One...
09:44  robots.txt disallows https://www.capitalonecareers.com/search-jobs/design%20intern — skipping this URL.
09:44  robots.txt disallows https://www.capitalonecareers.com/search-jobs/product%20design — skipping this URL.
09:44  Capital One: scrape failed — postings left untouched.
09:44  Checking JPMorgan Chase...
09:44  No changes.
09:44  Checking Roblox...
09:44  Retry 1/2 for Roblox in 3s...
09:44  Retry 2/2 for Roblox in 5s...
09:45  ERROR: Roblox: failed to scrape https://careers.roblox.com/jobs?search=product+design (page.goto: net::ERR_HTTP2_PROTOCOL_ERROR at https://careers.roblox.com/jobs?search=product+design
Call log:
  - navigating to "https://careers.roblox.com/jobs?search=product+design", waiting until "domcontentloaded"
)
09:45  Retry 1/2 for Roblox in 2s...
09:45  Retry 2/2 for Roblox in 4s...
09:45  ERROR: Roblox: failed to scrape https://careers.roblox.com/jobs?search=UX+intern (page.goto: net::ERR_HTTP2_PROTOCOL_ERROR at https://careers.roblox.com/jobs?search=UX+intern
Call log:
  - navigating to "https://careers.roblox.com/jobs?search=UX+intern", waiting until "domcontentloaded"
)
09:45  Roblox: scrape failed — postings left untouched.
09:45  Checking Microsoft...
09:45  robots.txt unavailable for https://gcsservices.careers.microsoft.com; proceeding politely.
09:45  Retry 1/2 for Microsoft in 2s...
09:45  Retry 2/2 for Microsoft in 4s...
09:45  ERROR: Microsoft: failed to scrape https://gcsservices.careers.microsoft.com/search/api/v1/search?q=product%20design%20intern&l=en_us&pg=1&pgSz=20 (page.goto: net::ERR_CERT_COMMON_NAME_INVALID at https://gcsservices.careers.microsoft.com/search/api/v1/search?q=product%20design%20intern&l=en_us&pg=1&pgSz=20
Call log:
  - navigating to "https://gcsservices.careers.microsoft.com/search/api/v1/search?q=product%20design%20intern&l=en_us&pg=1&pgSz=20", waiting until "domcontentloaded"
)
09:45  Retry 1/2 for Microsoft in 2s...
09:45  Retry 2/2 for Microsoft in 4s...
09:45  ERROR: Microsoft: failed to scrape https://gcsservices.careers.microsoft.com/search/api/v1/search?q=UX%20design%20intern&l=en_us&pg=1&pgSz=20 (page.goto: net::ERR_CERT_COMMON_NAME_INVALID at https://gcsservices.careers.microsoft.com/search/api/v1/search?q=UX%20design%20intern&l=en_us&pg=1&pgSz=20
Call log:
  - navigating to "https://gcsservices.careers.microsoft.com/search/api/v1/search?q=UX%20design%20intern&l=en_us&pg=1&pgSz=20", waiting until "domcontentloaded"
)
09:45  Microsoft: scrape failed — postings left untouched.
09:45  Checking Amazon...
09:45  No changes.
09:45  Checking IBM...
09:46  No changes.
09:46  Checking Adobe...
09:46  No changes.
09:46  Checking American Express...
09:47  No changes.
09:47  Checking Mastercard...
09:47  No changes.
09:47  Checking Visa...
09:47  No changes.
09:47  Checking Nike...
09:48  No changes.
09:48  Widget feed updated.
09:48  === Check cycle finished (7 notification(s)) ===
11:22  === Check cycle started ===
11:22  Checking Google...
11:23  No changes.
11:23  Checking YouTube...
11:23  No changes.
11:23  Checking Meta...
11:23  No changes.
11:23  Checking Apple...
11:23  robots.txt unavailable for https://jobs.apple.com; proceeding politely.
11:24  No changes.
11:24  Checking Capital One...
11:24  robots.txt disallows https://www.capitalonecareers.com/search-jobs/design%20intern — skipping this URL.
11:24  robots.txt disallows https://www.capitalonecareers.com/search-jobs/product%20design — skipping this URL.
11:24  Capital One: scrape failed — postings left untouched.
11:24  Checking JPMorgan Chase...
11:24  No changes.
11:24  Checking Roblox...
11:24  Retry 1/2 for Roblox in 2s...
11:24  Retry 2/2 for Roblox in 5s...
11:24  ERROR: Roblox: failed to scrape https://careers.roblox.com/jobs?search=product+design (page.goto: net::ERR_HTTP2_PROTOCOL_ERROR at https://careers.roblox.com/jobs?search=product+design
Call log:
  - navigating to "https://careers.roblox.com/jobs?search=product+design", waiting until "domcontentloaded"
)
11:24  Retry 1/2 for Roblox in 2s...
11:24  Retry 2/2 for Roblox in 4s...
11:24  ERROR: Roblox: failed to scrape https://careers.roblox.com/jobs?search=UX+intern (page.goto: net::ERR_HTTP2_PROTOCOL_ERROR at https://careers.roblox.com/jobs?search=UX+intern
Call log:
  - navigating to "https://careers.roblox.com/jobs?search=UX+intern", waiting until "domcontentloaded"
)
11:24  Roblox: scrape failed — postings left untouched.
11:24  Checking Microsoft...
11:24  robots.txt unavailable for https://gcsservices.careers.microsoft.com; proceeding politely.
11:24  Retry 1/2 for Microsoft in 2s...
11:24  Retry 2/2 for Microsoft in 5s...
11:24  ERROR: Microsoft: failed to scrape https://gcsservices.careers.microsoft.com/search/api/v1/search?q=product%20design%20intern&l=en_us&pg=1&pgSz=20 (page.goto: net::ERR_CERT_COMMON_NAME_INVALID at https://gcsservices.careers.microsoft.com/search/api/v1/search?q=product%20design%20intern&l=en_us&pg=1&pgSz=20
Call log:
  - navigating to "https://gcsservices.careers.microsoft.com/search/api/v1/search?q=product%20design%20intern&l=en_us&pg=1&pgSz=20", waiting until "domcontentloaded"
)
11:24  Retry 1/2 for Microsoft in 2s...
11:24  Retry 2/2 for Microsoft in 5s...
11:24  ERROR: Microsoft: failed to scrape https://gcsservices.careers.microsoft.com/search/api/v1/search?q=UX%20design%20intern&l=en_us&pg=1&pgSz=20 (page.goto: net::ERR_CERT_COMMON_NAME_INVALID at https://gcsservices.careers.microsoft.com/search/api/v1/search?q=UX%20design%20intern&l=en_us&pg=1&pgSz=20
Call log:
  - navigating to "https://gcsservices.careers.microsoft.com/search/api/v1/search?q=UX%20design%20intern&l=en_us&pg=1&pgSz=20", waiting until "domcontentloaded"
)
11:24  Microsoft: scrape failed — postings left untouched.
11:24  Checking Amazon...
11:24  No changes.
11:24  Checking IBM...
11:25  No changes.
11:25  Checking Adobe...
11:26  No changes.
11:26  Checking American Express...
11:26  No changes.
11:26  Checking Mastercard...
11:27  No changes.
11:27  Checking Visa...
11:27  No changes.
11:27  Checking Nike...
11:27  No changes.
11:27  Widget feed updated.
11:27  === Check cycle finished (0 notification(s)) ===
14:18  === Check cycle started ===
14:18  Checking Google...
14:18  No changes.
14:18  Checking YouTube...
14:18  No changes.
14:18  Checking Meta...
14:18  No changes.
14:18  Checking Apple...
14:19  No changes.
14:19  Checking Capital One...
14:19  robots.txt disallows https://www.capitalonecareers.com/search-jobs/design%20intern — skipping this URL.
14:19  robots.txt disallows https://www.capitalonecareers.com/search-jobs/product%20design — skipping this URL.
14:19  Capital One: scrape failed — postings left untouched.
14:19  Checking JPMorgan Chase...
14:19  No changes.
14:19  Checking Roblox...
14:19  Retry 1/2 for Roblox in 2s...
14:19  Retry 2/2 for Roblox in 5s...
14:19  ERROR: Roblox: failed to scrape https://careers.roblox.com/jobs?search=product+design (page.goto: net::ERR_HTTP2_PROTOCOL_ERROR at https://careers.roblox.com/jobs?search=product+design
Call log:
  - navigating to "https://careers.roblox.com/jobs?search=product+design", waiting until "domcontentloaded"
)
14:19  Retry 1/2 for Roblox in 2s...
14:19  Retry 2/2 for Roblox in 4s...
14:19  ERROR: Roblox: failed to scrape https://careers.roblox.com/jobs?search=UX+intern (page.goto: net::ERR_HTTP2_PROTOCOL_ERROR at https://careers.roblox.com/jobs?search=UX+intern
Call log:
  - navigating to "https://careers.roblox.com/jobs?search=UX+intern", waiting until "domcontentloaded"
)
14:19  Roblox: scrape failed — postings left untouched.
14:19  Checking Microsoft...
14:19  robots.txt unavailable for https://gcsservices.careers.microsoft.com; proceeding politely.
14:19  Retry 1/2 for Microsoft in 2s...
14:19  Retry 2/2 for Microsoft in 5s...
14:19  ERROR: Microsoft: failed to scrape https://gcsservices.careers.microsoft.com/search/api/v1/search?q=product%20design%20intern&l=en_us&pg=1&pgSz=20 (page.goto: net::ERR_CERT_COMMON_NAME_INVALID at https://gcsservices.careers.microsoft.com/search/api/v1/search?q=product%20design%20intern&l=en_us&pg=1&pgSz=20
Call log:
  - navigating to "https://gcsservices.careers.microsoft.com/search/api/v1/search?q=product%20design%20intern&l=en_us&pg=1&pgSz=20", waiting until "domcontentloaded"
)
14:19  Retry 1/2 for Microsoft in 2s...
14:19  Retry 2/2 for Microsoft in 5s...
14:19  ERROR: Microsoft: failed to scrape https://gcsservices.careers.microsoft.com/search/api/v1/search?q=UX%20design%20intern&l=en_us&pg=1&pgSz=20 (page.goto: net::ERR_CERT_COMMON_NAME_INVALID at https://gcsservices.careers.microsoft.com/search/api/v1/search?q=UX%20design%20intern&l=en_us&pg=1&pgSz=20
Call log:
  - navigating to "https://gcsservices.careers.microsoft.com/search/api/v1/search?q=UX%20design%20intern&l=en_us&pg=1&pgSz=20", waiting until "domcontentloaded"
)
14:19  Microsoft: scrape failed — postings left untouched.
14:19  Checking Amazon...
14:19  No changes.
14:19  Checking IBM...
14:20  No changes.
14:20  Checking Adobe...
14:21  No changes.
14:21  Checking American Express...
14:21  No changes.
14:21  Checking Mastercard...
14:22  No changes.
14:22  Checking Visa...
14:22  No changes.
14:22  Checking Nike...
14:22  No changes.
14:22  Widget feed updated.
14:22  === Check cycle finished (0 notification(s)) ===
17:03  === Check cycle started ===
17:03  Checking Google...
17:03  No changes.
17:03  Checking YouTube...
17:03  No changes.
17:03  Checking Meta...
17:03  No changes.
17:03  Checking Apple...
17:04  No changes.
17:04  Checking Capital One...
17:04  robots.txt disallows https://www.capitalonecareers.com/search-jobs/design%20intern — skipping this URL.
17:04  robots.txt disallows https://www.capitalonecareers.com/search-jobs/product%20design — skipping this URL.
17:04  Capital One: scrape failed — postings left untouched.
17:04  Checking JPMorgan Chase...
17:04  No changes.
17:04  Checking Roblox...
17:04  Retry 1/2 for Roblox in 2s...
17:04  Retry 2/2 for Roblox in 5s...
17:04  ERROR: Roblox: failed to scrape https://careers.roblox.com/jobs?search=product+design (page.goto: net::ERR_HTTP2_PROTOCOL_ERROR at https://careers.roblox.com/jobs?search=product+design
Call log:
  - navigating to "https://careers.roblox.com/jobs?search=product+design", waiting until "domcontentloaded"
)
17:04  Retry 1/2 for Roblox in 3s...
17:04  Retry 2/2 for Roblox in 4s...
17:04  ERROR: Roblox: failed to scrape https://careers.roblox.com/jobs?search=UX+intern (page.goto: net::ERR_HTTP2_PROTOCOL_ERROR at https://careers.roblox.com/jobs?search=UX+intern
Call log:
  - navigating to "https://careers.roblox.com/jobs?search=UX+intern", waiting until "domcontentloaded"
)
17:04  Roblox: scrape failed — postings left untouched.
17:04  Checking Microsoft...
17:04  robots.txt unavailable for https://gcsservices.careers.microsoft.com; proceeding politely.
17:04  Retry 1/2 for Microsoft in 3s...
17:04  Retry 2/2 for Microsoft in 5s...
17:04  ERROR: Microsoft: failed to scrape https://gcsservices.careers.microsoft.com/search/api/v1/search?q=product%20design%20intern&l=en_us&pg=1&pgSz=20 (page.goto: net::ERR_CERT_COMMON_NAME_INVALID at https://gcsservices.careers.microsoft.com/search/api/v1/search?q=product%20design%20intern&l=en_us&pg=1&pgSz=20
Call log:
  - navigating to "https://gcsservices.careers.microsoft.com/search/api/v1/search?q=product%20design%20intern&l=en_us&pg=1&pgSz=20", waiting until "domcontentloaded"
)
17:04  Retry 1/2 for Microsoft in 2s...
17:04  Retry 2/2 for Microsoft in 4s...
17:04  ERROR: Microsoft: failed to scrape https://gcsservices.careers.microsoft.com/search/api/v1/search?q=UX%20design%20intern&l=en_us&pg=1&pgSz=20 (page.goto: net::ERR_CERT_COMMON_NAME_INVALID at https://gcsservices.careers.microsoft.com/search/api/v1/search?q=UX%20design%20intern&l=en_us&pg=1&pgSz=20
Call log:
  - navigating to "https://gcsservices.careers.microsoft.com/search/api/v1/search?q=UX%20design%20intern&l=en_us&pg=1&pgSz=20", waiting until "domcontentloaded"
)
17:04  Microsoft: scrape failed — postings left untouched.
17:04  Checking Amazon...
17:05  No changes.
17:05  Checking IBM...
17:05  Retry 1/2 for IBM in 2s...
17:06  Retry 2/2 for IBM in 5s...
17:08  No changes.
17:08  Checking Adobe...
17:08  No changes.
17:08  Checking American Express...
17:09  No changes.
17:09  Checking Mastercard...
17:09  No changes.
17:09  Checking Visa...
17:09  No changes.
17:09  Checking Nike...
17:10  No changes.
17:10  Widget feed updated.
17:10  === Check cycle finished (0 notification(s)) ===
21:24  === Check cycle started ===
21:24  Checking Google...
21:24  No changes.
21:24  Checking YouTube...
21:24  No changes.
21:24  Checking Meta...
21:24  No changes.
21:24  Checking Apple...
21:24  No changes.
21:24  Checking Capital One...
21:24  robots.txt disallows https://www.capitalonecareers.com/search-jobs/design%20intern — skipping this URL.
21:24  robots.txt disallows https://www.capitalonecareers.com/search-jobs/product%20design — skipping this URL.
21:24  Capital One: scrape failed — postings left untouched.
21:24  Checking JPMorgan Chase...
21:25  No changes.
21:25  Checking Roblox...
21:25  Retry 1/2 for Roblox in 2s...
21:25  Retry 2/2 for Roblox in 4s...
21:25  ERROR: Roblox: failed to scrape https://careers.roblox.com/jobs?search=product+design (page.goto: net::ERR_HTTP2_PROTOCOL_ERROR at https://careers.roblox.com/jobs?search=product+design
Call log:
  - navigating to "https://careers.roblox.com/jobs?search=product+design", waiting until "domcontentloaded"
)
21:25  Retry 1/2 for Roblox in 2s...
21:25  Retry 2/2 for Roblox in 5s...
21:25  ERROR: Roblox: failed to scrape https://careers.roblox.com/jobs?search=UX+intern (page.goto: net::ERR_HTTP2_PROTOCOL_ERROR at https://careers.roblox.com/jobs?search=UX+intern
Call log:
  - navigating to "https://careers.roblox.com/jobs?search=UX+intern", waiting until "domcontentloaded"
)
21:25  Roblox: scrape failed — postings left untouched.
21:25  Checking Microsoft...
21:25  robots.txt unavailable for https://gcsservices.careers.microsoft.com; proceeding politely.
21:25  Retry 1/2 for Microsoft in 3s...
21:25  Retry 2/2 for Microsoft in 5s...
21:25  ERROR: Microsoft: failed to scrape https://gcsservices.careers.microsoft.com/search/api/v1/search?q=product%20design%20intern&l=en_us&pg=1&pgSz=20 (page.goto: net::ERR_CERT_COMMON_NAME_INVALID at https://gcsservices.careers.microsoft.com/search/api/v1/search?q=product%20design%20intern&l=en_us&pg=1&pgSz=20
Call log:
  - navigating to "https://gcsservices.careers.microsoft.com/search/api/v1/search?q=product%20design%20intern&l=en_us&pg=1&pgSz=20", waiting until "domcontentloaded"
)
21:25  Retry 1/2 for Microsoft in 2s...
21:25  Retry 2/2 for Microsoft in 5s...
21:25  ERROR: Microsoft: failed to scrape https://gcsservices.careers.microsoft.com/search/api/v1/search?q=UX%20design%20intern&l=en_us&pg=1&pgSz=20 (page.goto: net::ERR_CERT_COMMON_NAME_INVALID at https://gcsservices.careers.microsoft.com/search/api/v1/search?q=UX%20design%20intern&l=en_us&pg=1&pgSz=20
Call log:
  - navigating to "https://gcsservices.careers.microsoft.com/search/api/v1/search?q=UX%20design%20intern&l=en_us&pg=1&pgSz=20", waiting until "domcontentloaded"
)
21:25  Microsoft: scrape failed — postings left untouched.
21:25  Checking Amazon...
21:25  No changes.
21:25  Checking IBM...
21:26  No changes.
21:26  Checking Adobe...
21:26  No changes.
21:26  Checking American Express...
21:27  No changes.
21:27  Checking Mastercard...
21:27  No changes.
21:27  Checking Visa...
21:28  No changes.
21:28  Checking Nike...
21:28  No changes.
21:28  Widget feed updated.
21:28  === Check cycle finished (0 notification(s)) ===
23:14  === Daily summary ===
23:14    Internship Monitor Daily Summary
23:14    Checked:
23:14    15 companies
23:14    New jobs:
23:14    7
23:14    Apple
23:14    Mac Product Design Intern
23:14    Apple
23:14    Mac Product Design Intern
23:14    Apple
23:14    Audio Product Design Intern
23:14    Apple
23:14    Input Device Product Design Intern
23:14    Apple
23:14    Input Device Product Design Intern
23:14    Apple
23:14    Product Design Masters Engineering Internships
23:14    Apple
23:14    Product Design Undergrad Internships
23:14    Still Open:
23:14    7
23:14    Closed Today:
23:14    0
23:14  SMS DRY-RUN — daily summary would be:
23:14    | Internship Monitor Daily Summary
23:14    | Checked:
23:14    | 15 companies
23:14    | New jobs:
23:14    | 7
23:14    | Apple
23:14    | Mac Product Design Intern
23:14    | Apple
23:14    | Mac Product Design Intern
23:14    | Apple
23:14    | Audio Product Design Intern
23:14    | Apple
23:14    | Input Device Product Design Intern
23:14    | Apple
23:14    | Input Device Product Design Intern
23:14    | Apple
23:14    | Product Design Masters Engineering Internships
23:14    | Apple
23:14    | Product Design Undergrad Internships
23:14    | Still Open:
23:14    | 7
23:14    | Closed Today:
23:14    | 0
23:14  Discord DRY-RUN (no webhook configured).
23:14  Widget feed updated.
