24:48  === Check cycle started ===
24:48  Checking Google...
24:48  No changes.
24:48  Checking YouTube...
24:48  No changes.
24:48  Checking Meta...
24:48  No changes.
24:48  Checking Apple...
24:49  No changes.
24:49  Checking Capital One...
24:49  robots.txt disallows https://www.capitalonecareers.com/search-jobs/design%20intern — skipping this URL.
24:49  robots.txt disallows https://www.capitalonecareers.com/search-jobs/product%20design — skipping this URL.
24:49  Capital One: scrape failed — postings left untouched.
24:49  Checking JPMorgan Chase...
24:49  No changes.
24:49  Checking Roblox...
24:49  Retry 1/2 for Roblox in 2s...
24:49  Retry 2/2 for Roblox in 5s...
24:49  ERROR: Roblox: failed to scrape https://careers.roblox.com/jobs?search=product+design (page.goto: net::ERR_HTTP2_PROTOCOL_ERROR at https://careers.roblox.com/jobs?search=product+design
Call log:
  - navigating to "https://careers.roblox.com/jobs?search=product+design", waiting until "domcontentloaded"
)
24:49  Retry 1/2 for Roblox in 2s...
24:49  Retry 2/2 for Roblox in 5s...
24:49  ERROR: Roblox: failed to scrape https://careers.roblox.com/jobs?search=UX+intern (page.goto: net::ERR_HTTP2_PROTOCOL_ERROR at https://careers.roblox.com/jobs?search=UX+intern
Call log:
  - navigating to "https://careers.roblox.com/jobs?search=UX+intern", waiting until "domcontentloaded"
)
24:49  Roblox: scrape failed — postings left untouched.
24:49  Checking Microsoft...
24:49  robots.txt unavailable for https://gcsservices.careers.microsoft.com; proceeding politely.
24:49  Retry 1/2 for Microsoft in 2s...
24:49  Retry 2/2 for Microsoft in 5s...
24:49  ERROR: Microsoft: failed to scrape https://gcsservices.careers.microsoft.com/search/api/v1/search?q=product%20design%20intern&l=en_us&pg=1&pgSz=20 (page.goto: net::ERR_CERT_COMMON_NAME_INVALID at https://gcsservices.careers.microsoft.com/search/api/v1/search?q=product%20design%20intern&l=en_us&pg=1&pgSz=20
Call log:
  - navigating to "https://gcsservices.careers.microsoft.com/search/api/v1/search?q=product%20design%20intern&l=en_us&pg=1&pgSz=20", waiting until "domcontentloaded"
)
24:49  Retry 1/2 for Microsoft in 2s...
24:49  Retry 2/2 for Microsoft in 4s...
24:49  ERROR: Microsoft: failed to scrape https://gcsservices.careers.microsoft.com/search/api/v1/search?q=UX%20design%20intern&l=en_us&pg=1&pgSz=20 (page.goto: net::ERR_CERT_COMMON_NAME_INVALID at https://gcsservices.careers.microsoft.com/search/api/v1/search?q=UX%20design%20intern&l=en_us&pg=1&pgSz=20
Call log:
  - navigating to "https://gcsservices.careers.microsoft.com/search/api/v1/search?q=UX%20design%20intern&l=en_us&pg=1&pgSz=20", waiting until "domcontentloaded"
)
24:49  Microsoft: scrape failed — postings left untouched.
24:49  Checking Amazon...
24:50  No changes.
24:50  Checking IBM...
24:50  No changes.
24:50  Checking Adobe...
24:51  No changes.
24:51  Checking American Express...
24:51  No changes.
24:51  Checking Mastercard...
24:52  No changes.
24:52  Checking Visa...
24:52  No changes.
24:52  Checking Nike...
24:52  No changes.
24:52  Widget feed updated.
24:52  === Check cycle finished (0 notification(s)) ===
03:24  === Check cycle started ===
03:24  Checking Google...
03:24  No changes.
03:24  Checking YouTube...
03:25  No changes.
03:25  Checking Meta...
03:25  No changes.
03:25  Checking Apple...
03:25  No changes.
03:25  Checking Capital One...
03:25  robots.txt disallows https://www.capitalonecareers.com/search-jobs/design%20intern — skipping this URL.
03:25  robots.txt disallows https://www.capitalonecareers.com/search-jobs/product%20design — skipping this URL.
03:25  Capital One: scrape failed — postings left untouched.
03:25  Checking JPMorgan Chase...
03:26  No changes.
03:26  Checking Roblox...
03:26  Retry 1/2 for Roblox in 2s...
03:26  Retry 2/2 for Roblox in 5s...
03:26  ERROR: Roblox: failed to scrape https://careers.roblox.com/jobs?search=product+design (page.goto: net::ERR_HTTP2_PROTOCOL_ERROR at https://careers.roblox.com/jobs?search=product+design
Call log:
  - navigating to "https://careers.roblox.com/jobs?search=product+design", waiting until "domcontentloaded"
)
03:26  Retry 1/2 for Roblox in 3s...
03:26  Retry 2/2 for Roblox in 4s...
03:26  ERROR: Roblox: failed to scrape https://careers.roblox.com/jobs?search=UX+intern (page.goto: net::ERR_HTTP2_PROTOCOL_ERROR at https://careers.roblox.com/jobs?search=UX+intern
Call log:
  - navigating to "https://careers.roblox.com/jobs?search=UX+intern", waiting until "domcontentloaded"
)
03:26  Roblox: scrape failed — postings left untouched.
03:26  Checking Microsoft...
03:26  robots.txt unavailable for https://gcsservices.careers.microsoft.com; proceeding politely.
03:26  Retry 1/2 for Microsoft in 2s...
03:26  Retry 2/2 for Microsoft in 5s...
03:26  ERROR: Microsoft: failed to scrape https://gcsservices.careers.microsoft.com/search/api/v1/search?q=product%20design%20intern&l=en_us&pg=1&pgSz=20 (page.goto: net::ERR_CERT_COMMON_NAME_INVALID at https://gcsservices.careers.microsoft.com/search/api/v1/search?q=product%20design%20intern&l=en_us&pg=1&pgSz=20
Call log:
  - navigating to "https://gcsservices.careers.microsoft.com/search/api/v1/search?q=product%20design%20intern&l=en_us&pg=1&pgSz=20", waiting until "domcontentloaded"
)
03:26  Retry 1/2 for Microsoft in 2s...
03:26  Retry 2/2 for Microsoft in 5s...
03:26  ERROR: Microsoft: failed to scrape https://gcsservices.careers.microsoft.com/search/api/v1/search?q=UX%20design%20intern&l=en_us&pg=1&pgSz=20 (page.goto: net::ERR_CERT_COMMON_NAME_INVALID at https://gcsservices.careers.microsoft.com/search/api/v1/search?q=UX%20design%20intern&l=en_us&pg=1&pgSz=20
Call log:
  - navigating to "https://gcsservices.careers.microsoft.com/search/api/v1/search?q=UX%20design%20intern&l=en_us&pg=1&pgSz=20", waiting until "domcontentloaded"
)
03:26  Microsoft: scrape failed — postings left untouched.
03:26  Checking Amazon...
03:26  No changes.
03:26  Checking IBM...
03:27  No changes.
03:27  Checking Adobe...
03:27  No changes.
03:27  Checking American Express...
03:28  No changes.
03:28  Checking Mastercard...
03:28  No changes.
03:28  Checking Visa...
03:29  No changes.
03:29  Checking Nike...
03:29  No changes.
03:29  Widget feed updated.
03:29  === Check cycle finished (0 notification(s)) ===
